<?xml version="1.0" encoding="UTF-8"?>
<!-- Generated by org.testng.reporters.JUnitReportReporter -->
<testsuite hostname="W10F5T61N3" failures="0" tests="7" name="tests.Test1" time="3.435" errors="0" timestamp="2023-02-19T19:57:37 IST" skipped="4">
  <testcase classname="tests.Test1" name="Delete" time="2.596"/>
  <system-out/>
  <testcase classname="tests.Test1" name="Delete" time="0.410"/>
  <system-out/>
  <testcase classname="tests.Test1" name="Delete" time="0.429"/>
  <system-out/>
  <testcase classname="tests.Test1" name="test1">
    <skipped/>
  </testcase> <!-- test1 -->
  <system-out/>
  <testcase classname="tests.Test1" name="test4">
    <skipped/>
  </testcase> <!-- test4 -->
  <system-out/>
  <testcase classname="tests.Test1" name="test2">
    <skipped/>
  </testcase> <!-- test2 -->
  <system-out/>
  <testcase classname="tests.Test1" name="test3">
    <skipped/>
  </testcase> <!-- test3 -->
  <system-out/>
</testsuite> <!-- tests.Test1 -->
